[2019-08-22 10:00:46,028][MainThread:17524][task_id:user][src.py:39][INFO][不错在用户nick]
[2019-08-22 10:01:06,737][MainThread:17524][task_id:user][src.py:39][INFO][不错在用户nick]
[2019-08-22 10:02:24,328][MainThread:14156][task_id:user][src.py:15][INFO][nick注册成功]
[2019-08-22 10:12:52,848][MainThread:9840][task_id:user][src.py:33][INFO][nick登陆成功]
[2019-08-22 10:13:25,143][MainThread:12412][task_id:user][src.py:33][INFO][nick登陆成功]
[2019-08-22 10:13:28,077][MainThread:12412][task_id:user][src.py:46][INFO][nick余额为15000元]
[2019-08-22 10:13:35,123][MainThread:12412][task_id:user][src.py:61][INFO][nick成功取现2000元]
[2019-08-22 10:15:02,948][MainThread:17688][task_id:user][src.py:33][INFO][nick登陆成功]
[2019-08-22 10:51:04,555][MainThread:16756][task_id:user][src.py:33][INFO][nick登陆成功]
[2019-08-22 10:51:20,068][MainThread:16756][task_id:user][src.py:15][INFO][simon注册成功]
[2019-08-22 10:52:44,500][MainThread:18200][task_id:user][src.py:33][INFO][nick登陆成功]
[2019-08-22 10:53:14,073][MainThread:3300][task_id:user][src.py:33][INFO][nick登陆成功]
[2019-08-22 10:53:18,083][MainThread:3300][task_id:user][src.py:97][INFO][nick成功向simon转账123元]
[2019-08-22 10:53:40,237][MainThread:11344][task_id:user][src.py:33][INFO][nick登陆成功]
[2019-08-22 10:53:55,772][MainThread:11344][task_id:user][src.py:97][INFO][nick成功向simon转账100元]
[2019-08-22 11:00:54,699][MainThread:7708][task_id:user][src.py:33][INFO][nick登陆成功]
[2019-08-22 11:02:47,692][MainThread:9572][task_id:user][src.py:38][INFO][不存在用户nic]
[2019-08-22 11:02:51,182][MainThread:9572][task_id:user][src.py:33][INFO][nick登陆成功]
[2019-08-22 11:08:22,270][MainThread:12028][task_id:user][src.py:33][INFO][nick登陆成功]
[2019-08-22 11:09:29,560][MainThread:8080][task_id:user][src.py:33][INFO][nick登陆成功]
[2019-08-22 11:14:50,428][MainThread:19444][task_id:user][src.py:33][INFO][nick登陆成功]
[2019-08-22 11:19:17,072][MainThread:5560][task_id:user][src.py:33][INFO][nick登陆成功]
[2019-08-22 11:20:22,068][MainThread:7380][task_id:user][src.py:33][INFO][nick登陆成功]
[2019-08-22 11:21:44,091][MainThread:17560][task_id:user][src.py:33][INFO][nick登陆成功]
[2019-08-22 11:27:01,304][MainThread:2444][task_id:user][src.py:15][INFO][nick注册成功]
[2019-08-22 11:27:05,286][MainThread:2444][task_id:user][src.py:33][INFO][nick登陆成功]
[2019-08-22 11:37:20,333][MainThread:1368][task_id:user][src.py:38][INFO][不存在用户nick]
[2019-08-22 11:37:32,254][MainThread:4580][task_id:user][src.py:15][INFO][nick注册成功]
[2019-08-22 11:37:37,429][MainThread:4580][task_id:user][src.py:33][INFO][nick登陆成功]
[2019-08-22 11:37:44,318][MainThread:4580][task_id:user][src.py:110][INFO][['辣条', '篮球', 'switch', '电脑']数量100成功加入购物车]
[2019-08-22 11:38:35,161][MainThread:4580][task_id:user][src.py:110][INFO][['辣条', '篮球', 'switch', '电脑']数量50成功加入购物车]
[2019-08-22 11:41:45,809][MainThread:6408][task_id:user][src.py:33][INFO][nick登陆成功]
[2019-08-22 11:43:07,516][MainThread:7492][task_id:user][src.py:33][INFO][nick登陆成功]
[2019-08-22 11:44:44,423][MainThread:4636][task_id:user][src.py:33][INFO][nick登陆成功]
[2019-08-22 11:44:51,797][MainThread:4636][task_id:user][src.py:110][INFO][辣条数量100成功加入购物车]
[2019-08-22 11:47:31,310][MainThread:4636][task_id:user][src.py:110][INFO][辣条数量1成功加入购物车]
[2019-08-22 11:47:35,067][MainThread:4636][task_id:user][src.py:132][INFO][nick查看流水]
[2019-08-22 11:49:14,265][MainThread:8984][task_id:user][src.py:33][INFO][nick登陆成功]
[2019-08-22 11:50:45,502][MainThread:632][task_id:user][src.py:33][INFO][nick登陆成功]
[2019-08-22 11:50:46,947][MainThread:632][task_id:user][src.py:132][INFO][nick查看流水]
[2019-08-22 11:51:37,284][MainThread:632][task_id:user][src.py:61][INFO][nick成功取现100元]
[2019-08-22 11:51:39,632][MainThread:632][task_id:user][src.py:132][INFO][nick查看流水]
[2019-08-22 11:51:55,909][MainThread:2180][task_id:user][src.py:33][INFO][nick登陆成功]
[2019-08-22 11:51:58,719][MainThread:2180][task_id:user][src.py:61][INFO][nick成功取现100元]
[2019-08-22 11:52:00,205][MainThread:2180][task_id:user][src.py:132][INFO][nick查看流水]
[2019-08-22 11:53:08,627][MainThread:11728][task_id:user][src.py:33][INFO][nick登陆成功]
[2019-08-22 11:53:43,725][MainThread:11728][task_id:user][src.py:61][INFO][nick成功取现100元]
[2019-08-22 11:53:45,723][MainThread:11728][task_id:user][src.py:132][INFO][nick查看流水]
[2019-08-22 11:53:56,834][MainThread:15032][task_id:user][src.py:33][INFO][nick登陆成功]
[2019-08-22 11:54:00,392][MainThread:15032][task_id:user][src.py:61][INFO][nick成功取现100元]
[2019-08-22 11:54:04,072][MainThread:15032][task_id:user][src.py:132][INFO][nick查看流水]
[2019-08-22 11:54:38,413][MainThread:6424][task_id:user][src.py:33][INFO][nick登陆成功]
[2019-08-22 11:54:55,503][MainThread:5628][task_id:user][src.py:33][INFO][nick登陆成功]
[2019-08-22 11:55:00,121][MainThread:5628][task_id:user][src.py:61][INFO][nick成功取现100元]
[2019-08-22 11:55:02,335][MainThread:5628][task_id:user][src.py:132][INFO][nick查看流水]
[2019-08-22 11:57:32,578][MainThread:15420][task_id:user][src.py:33][INFO][nick登陆成功]
[2019-08-22 11:57:32,578][MainThread:15420][task_id:user][src.py:46][INFO][nick余额为14370.0元]
[2019-08-22 11:57:37,729][MainThread:15420][task_id:user][src.py:61][INFO][nick成功取现100元]
[2019-08-22 11:57:39,835][MainThread:15420][task_id:user][src.py:132][INFO][nick查看流水]
[2019-08-22 11:58:43,220][MainThread:12460][task_id:user][src.py:33][INFO][nick登陆成功]
[2019-08-22 11:59:02,833][MainThread:20028][task_id:user][src.py:33][INFO][nick登陆成功]
[2019-08-22 11:59:04,628][MainThread:20028][task_id:user][src.py:61][INFO][nick成功取现100元]
[2019-08-22 11:59:08,069][MainThread:20028][task_id:user][src.py:132][INFO][nick查看流水]
[2019-08-22 11:59:15,171][MainThread:20028][task_id:user][src.py:140][INFO][nick已经注销]
[2019-08-22 11:59:25,131][MainThread:20028][task_id:user][src.py:38][INFO][不存在用户123]
[2019-08-22 11:59:30,957][MainThread:20028][task_id:user][src.py:38][INFO][不存在用户n123]
[2019-08-22 11:59:32,732][MainThread:20028][task_id:user][src.py:38][INFO][不存在用户123]
[2019-08-22 11:59:34,237][MainThread:20028][task_id:user][src.py:38][INFO][不存在用户123]
[2019-08-22 11:59:37,147][MainThread:20028][task_id:user][src.py:33][INFO][nick登陆成功]
[2019-08-22 11:59:37,147][MainThread:20028][task_id:user][src.py:46][INFO][nick余额为14055.0元]
[2019-08-22 11:59:43,202][MainThread:20028][task_id:user][src.py:140][INFO][None已经注销]
[2019-08-22 12:02:44,213][MainThread:15124][task_id:user][src.py:38][INFO][不存在用户ncik]
[2019-08-22 12:02:46,494][MainThread:15124][task_id:user][src.py:33][INFO][nick登陆成功]
[2019-08-22 12:04:46,405][MainThread:22084][task_id:user][src.py:33][INFO][nick登陆成功]
[2019-08-22 12:19:44,718][MainThread:9740][task_id:user][src.py:33][INFO][nick登陆成功]
[2019-08-22 12:19:49,701][MainThread:9740][task_id:user][src.py:140][INFO][nick已经注销]
